<?xml version="1.0" encoding="UTF-8" ?>
<testsuite tests="12" failures="0" name="com.trng.cucks.api.RunCukesTest" time="0.003" errors="0" skipped="0">
  <properties>
[...]
</properties>
  <testcase classname="Scenario: Test success response from API" name="Given I have base URL for user API" time="0.002"/>
  <testcase classname="Scenario: Test success response from API" name="And I use user list API" time="0"/>
  <testcase classname="Scenario: Test success response from API" name="And I add following headers" time="0"/>
  <testcase classname="Scenario: Test success response from API" name="When I make HTTP request" time="0"/>
  <testcase classname="Scenario: Test success response from API" name="Then I get OK response" time="0"/>
  <testcase classname="Scenario: Test success response from API" name="And I validate following headers from response" time="0"/>
  <testcase classname="Scenario: Test success response from API" name="Scenario: Test success response from API" time="0.001"/>
  <testcase classname="Scenario: Test failure response from API" name="Given I have base URL for user API" time="0"/>
  <testcase classname="Scenario: Test failure response from API" name="And I use wrong API path" time="0"/>
  <testcase classname="Scenario: Test failure response from API" name="When I make HTTP request" time="0"/>
  <testcase classname="Scenario: Test failure response from API" name="Then I get 404 response" time="0"/>
  <testcase classname="Scenario: Test failure response from API" name="Scenario: Test failure response from API" time="0"/>
</testsuite>